<?xml version="1.0" encoding="UTF-8"?>
<testsuite xmlns:xsi="http://www.w3.org/2001/XMLSchema-instance" xsi:noNamespaceSchemaLocation="https://maven.apache.org/surefire/maven-surefire-plugin/xsd/surefire-test-report.xsd" version="3.0.2" name="com.tutorial.doce.DoceApplicationTests" time="4.916" tests="1" errors="0" skipped="0" failures="0">
  <properties>
[...]
</properties>
  <testcase name="contextLoads" classname="com.tutorial.doce.DoceApplicationTests" time="1.258">
    <system-out><![CDATA[08:08:31.241 [main] INFO org.springframework.test.context.support.AnnotationConfigContextLoaderUtils -- Could not detect default configuration classes for test class [com.tutorial.doce.DoceApplicationTests]: DoceApplicationTests does not declare any static, non-private, non-final, nested classes annotated with @Configuration.
08:08:31.449 [main] INFO org.springframework.boot.test.context.SpringBootTestContextBootstrapper -- Found @SpringBootConfiguration com.tutorial.doce.DoceApplication for test class com.tutorial.doce.DoceApplicationTests
08:08:31.705 [main] INFO org.springframework.boot.devtools.restart.RestartApplicationListener -- Restart disabled due to context in which it is running

  .   ____          _            __ _ _
 /\\ / ___'_ __ _ _(_)_ __  __ _ \ \ \ \
( ( )\___ | '_ | '_| | '_ \/ _` | \ \ \ \
 \\/  ___)| |_)| | | | | || (_| |  ) ) ) )
  '  |____| .__|_| |_|_| |_\__, | / / / /
 =========|_|==============|___/=/_/_/_/

 :: Spring Boot ::                (v3.4.4)

2025-03-26T08:08:32.228-05:00  INFO 20100 --- [doce] [           main] com.tutorial.doce.DoceApplicationTests   : Starting DoceApplicationTests using Java 21.0.6 with PID 20100 (started by USUARIO in C:\Users\USUARIO\OneDrive\Escritorio\Universidad\Septimo Semestre\Topicos Ingenieria de Software\tutorial12\doce)
2025-03-26T08:08:32.230-05:00  INFO 20100 --- [doce] [           main] com.tutorial.doce.DoceApplicationTests   : No active profile set, falling back to 1 default profile: "default"
2025-03-26T08:08:34.068-05:00  INFO 20100 --- [doce] [           main] o.s.v.b.OptionalValidatorFactoryBean     : Failed to set up a Bean Validation provider: jakarta.validation.NoProviderFoundException: Unable to create a Configuration, because no Jakarta Bean Validation provider could be found. Add a provider like Hibernate Validator (RI) to your classpath.
2025-03-26T08:08:34.640-05:00  INFO 20100 --- [doce] [           main] com.tutorial.doce.DoceApplicationTests   : Started DoceApplicationTests in 2.956 seconds (process running for 4.494)
]]></system-out>
    <system-err><![CDATA[Mockito is currently self-attaching to enable the inline-mock-maker. This will no longer work in future releases of the JDK. Please add Mockito as an agent to your build what is described in Mockito's documentation: https://javadoc.io/doc/org.mockito/mockito-core/latest/org/mockito/Mockito.html#0.3
WARNING: A Java agent has been loaded dynamically (C:\Users\USUARIO\.m2\repository\net\bytebuddy\byte-buddy-agent\1.15.11\byte-buddy-agent-1.15.11.jar)
WARNING: If a serviceability tool is in use, please run with -XX:+EnableDynamicAgentLoading to hide this warning
WARNING: If a serviceability tool is not in use, please run with -Djdk.instrument.traceUsage for more information
WARNING: Dynamic loading of agents will be disallowed by default in a future release
]]></system-err>
  </testcase>
</testsuite>